0 info it worked if it ends with ok
1 verbose cli [ 'C:\\Program Files\\nodejs\\node.exe',
1 verbose cli   'C:\\Users\\ASUS\\AppData\\Roaming\\npm\\node_modules\\cnpm\\node_modules\\npm\\bin\\npm-cli.js',
1 verbose cli   '--userconfig=C:\\Users\\ASUS\\.cnpmrc',
1 verbose cli   '--disturl=https://npm.taobao.org/mirrors/node',
1 verbose cli   '--cache=C:\\Users\\ASUS\\.cnpm',
1 verbose cli   '--registry=https://registry.npm.taobao.org',
1 verbose cli   '--node-gyp=C:\\Users\\ASUS\\AppData\\Roaming\\npm\\node_modules\\cnpm\\node_modules\\node-gyp\\bin\\node-gyp.js',
1 verbose cli   'run',
1 verbose cli   'dev' ]
2 info using npm@2.14.22
3 info using node@v4.3.2
4 verbose run-script [ 'predev', 'dev', 'postdev' ]
5 info predev wp@1.0.0
6 info dev wp@1.0.0
7 verbose unsafe-perm in lifecycle true
8 info wp@1.0.0 Failed to exec dev script
9 verbose stack Error: wp@1.0.0 dev: `webpack-dev-server --progress --profile --colors --hot`
9 verbose stack Exit status 1
9 verbose stack     at EventEmitter.<anonymous> (C:\Users\ASUS\AppData\Roaming\npm\node_modules\cnpm\node_modules\npm\lib\utils\lifecycle.js:217:16)
9 verbose stack     at emitTwo (events.js:87:13)
9 verbose stack     at EventEmitter.emit (events.js:172:7)
9 verbose stack     at ChildProcess.<anonymous> (C:\Users\ASUS\AppData\Roaming\npm\node_modules\cnpm\node_modules\npm\lib\utils\spawn.js:24:14)
9 verbose stack     at emitTwo (events.js:87:13)
9 verbose stack     at ChildProcess.emit (events.js:172:7)
9 verbose stack     at maybeClose (internal/child_process.js:821:16)
9 verbose stack     at Process.ChildProcess._handle.onexit (internal/child_process.js:211:5)
10 verbose pkgid wp@1.0.0
11 verbose cwd C:\Users\ASUS\Desktop\rblg
12 error Windows_NT 6.3.9600
13 error argv "C:\\Program Files\\nodejs\\node.exe" "C:\\Users\\ASUS\\AppData\\Roaming\\npm\\node_modules\\cnpm\\node_modules\\npm\\bin\\npm-cli.js" "--userconfig=C:\\Users\\ASUS\\.cnpmrc" "--disturl=https://npm.taobao.org/mirrors/node" "--cache=C:\\Users\\ASUS\\.cnpm" "--registry=https://registry.npm.taobao.org" "--node-gyp=C:\\Users\\ASUS\\AppData\\Roaming\\npm\\node_modules\\cnpm\\node_modules\\node-gyp\\bin\\node-gyp.js" "run" "dev"
14 error node v4.3.2
15 error npm  v2.14.22
16 error code ELIFECYCLE
17 error wp@1.0.0 dev: `webpack-dev-server --progress --profile --colors --hot`
17 error Exit status 1
18 error Failed at the wp@1.0.0 dev script 'webpack-dev-server --progress --profile --colors --hot'.
18 error This is most likely a problem with the wp package,
18 error not with npm itself.
18 error Tell the author that this fails on your system:
18 error     webpack-dev-server --progress --profile --colors --hot
18 error You can get information on how to open an issue for this project with:
18 error     npm bugs wp
18 error Or if that isn't available, you can get their info via:
18 error
18 error     npm owner ls wp
18 error There is likely additional logging output above.
19 verbose exit [ 1, true ]
